
> frontend@0.0.0 dev
> vite


  [32m[1mVITE[22m v7.2.4[39m  [2mready in [0m[1m340[22m[2m[0m ms[22m

  [32m➜[39m  [1mLocal[22m:   [36mhttp://localhost:[1m5173[22m/[39m
[2m  [32m➜[39m  [1mNetwork[22m[2m: use [22m[1m--host[22m[2m to expose[22m
[2m[32m  ➜[39m[22m[2m  press [22m[1mh + enter[22m[2m to show help[22m
[2m6:44:15 p. m.[22m [36m[1m[vite][22m[39m [32mvite.config.js changed, restarting server...[39m
[2m6:44:15 p. m.[22m [36m[1m[vite][22m[39m server restarted.

  [32m➜[39m  [1mLocal[22m:   [36mhttp://localhost:[1m5174[22m/[39m
[2m  [32m➜[39m  [1mNetwork[22m[2m: use [22m[1m--host[22m[2m to expose[22m
[2m6:44:51 p. m.[22m [36m[1m[vite][22m[39m [32mvite.config.js changed, restarting server...[39m
[2m6:44:51 p. m.[22m [36m[1m[vite][22m[39m server restarted.

  [32m➜[39m  [1mLocal[22m:   [36mhttp://localhost:[1m5175[22m/[39m
[2m  [32m➜[39m  [1mNetwork[22m[2m: use [22m[1m--host[22m[2m to expose[22m
[2m8:22:03 p. m.[22m [36m[1m[vite][22m[39m [90m[2m(client)[22m[39m [32mhmr update [39m[2m/src/pages/login.jsx[22m
[2m8:22:10 p. m.[22m [36m[1m[vite][22m[39m [90m[2m(client)[22m[39m [32mhmr update [39m[2m/src/pages/login.jsx[22m
[2m8:22:11 p. m.[22m [36m[1m[vite][22m[39m [90m[2m(client)[22m[39m [32mhmr update [39m[2m/src/pages/login.jsx[22m
[2m8:22:11 p. m.[22m [36m[1m[vite][22m[39m [90m[2m(client)[22m[39m [32mhmr update [39m[2m/src/pages/login.jsx[22m
[2m8:22:11 p. m.[22m [36m[1m[vite][22m[39m [90m[2m(client)[22m[39m [32mhmr update [39m[2m/src/pages/login.jsx[22m
[2m8:22:11 p. m.[22m [36m[1m[vite][22m[39m [90m[2m(client)[22m[39m [32mhmr update [39m[2m/src/pages/login.jsx[22m
[2m8:22:11 p. m.[22m [36m[1m[vite][22m[39m [90m[2m(client)[22m[39m [32mhmr update [39m[2m/src/pages/login.jsx[22m
[2m8:22:11 p. m.[22m [36m[1m[vite][22m[39m [90m[2m(client)[22m[39m [32mhmr update [39m[2m/src/pages/login.jsx[22m
[2m8:22:12 p. m.[22m [36m[1m[vite][22m[39m [90m[2m(client)[22m[39m [32mhmr update [39m[2m/src/pages/login.jsx[22m
[2m8:22:12 p. m.[22m [36m[1m[vite][22m[39m [90m[2m(client)[22m[39m [32mhmr update [39m[2m/src/pages/login.jsx[22m
[2m8:22:12 p. m.[22m [36m[1m[vite][22m[39m [90m[2m(client)[22m[39m [32mhmr update [39m[2m/src/pages/login.jsx[22m
[2m8:22:12 p. m.[22m [36m[1m[vite][22m[39m [90m[2m(client)[22m[39m [32mhmr update [39m[2m/src/pages/login.jsx[22m
[2m8:24:55 p. m.[22m [36m[1m[vite][22m[39m [90m[2m(client)[22m[39m [32mhmr update [39m[2m/src/pages/login.jsx[22m
[2m8:26:00 p. m.[22m [36m[1m[vite][22m[39m [90m[2m(client)[22m[39m [32mhmr update [39m[2m/src/pages/register.jsx[22m
[2m8:47:36 p. m.[22m [36m[1m[vite][22m[39m [90m[2m(client)[22m[39m [32mhmr update [39m[2m/src/pages/CompradorDashboard.jsx[22m
[2m8:57:05 p. m.[22m [36m[1m[vite][22m[39m [32m.env changed, restarting server...[39m
[2m8:57:05 p. m.[22m [36m[1m[vite][22m[39m server restarted.
[2m8:57:13 p. m.[22m [36m[1m[vite][22m[39m [90m[2m(client)[22m[39m [32mhmr update [39m[2m/src/components/logistica/PanelLogistica.jsx, /src/components/clientes/PanelCliente.jsx, /src/components/productos/Catalogo.jsx, /src/components/productos/DetalleProducto.jsx, /src/pages/login.jsx, /src/components/usuarios/ProveedorPanel.jsx, /src/routes/ProtectedRoute.jsx, /src/pages/Notifications.jsx, /src/context/NotificationContext.jsx, /src/pages/Profile.jsx, /src/pages/OrderHistory.jsx, /src/pages/Checkout.jsx[22m
[2m8:57:13 p. m.[22m [31m[1m[vite][22m[39m [31m[2m(client)[22m[39m Pre-transform error: Failed to parse source for import analysis because the content contains invalid JS syntax. If you are using JSX, make sure to name the file with the .jsx or .tsx extension.
  Plugin: [35mvite:import-analysis[39m
  File: [36mC:/experticie1/prexcol/frontend/src/services/api.js[39m:5:0
[33m  4  |    },
  5  |  });
  6  |  
     |  ^
  7  |  // -------------------------------
  8  |  // TOKEN HELPERS[39m
[2m8:57:13 p. m.[22m [31m[1m[vite][22m[39m [31m[2m(client)[22m[39m Pre-transform error: Failed to parse source for import analysis because the content contains invalid JS syntax. If you are using JSX, make sure to name the file with the .jsx or .tsx extension.
  Plugin: [35mvite:import-analysis[39m
  File: [36mC:/experticie1/prexcol/frontend/src/services/api.js[39m:5:0
[33m  4  |    },
  5  |  });
  6  |  
     |  ^
  7  |  // -------------------------------
  8  |  // TOKEN HELPERS[39m
[2m8:57:13 p. m.[22m [31m[1m[vite][22m[39m [31m[2m(client)[22m[39m Pre-transform error: Failed to parse source for import analysis because the content contains invalid JS syntax. If you are using JSX, make sure to name the file with the .jsx or .tsx extension.
  Plugin: [35mvite:import-analysis[39m
  File: [36mC:/experticie1/prexcol/frontend/src/services/api.js[39m:5:0
[33m  4  |    },
  5  |  });
  6  |  
     |  ^
  7  |  // -------------------------------
  8  |  // TOKEN HELPERS[39m
[2m8:57:13 p. m.[22m [31m[1m[vite][22m[39m [31m[2m(client)[22m[39m Pre-transform error: Failed to parse source for import analysis because the content contains invalid JS syntax. If you are using JSX, make sure to name the file with the .jsx or .tsx extension.
  Plugin: [35mvite:import-analysis[39m
  File: [36mC:/experticie1/prexcol/frontend/src/services/api.js[39m:5:0
[33m  4  |    },
  5  |  });
  6  |  
     |  ^
  7  |  // -------------------------------
  8  |  // TOKEN HELPERS[39m
[2m8:57:13 p. m.[22m [31m[1m[vite][22m[39m [31m[2m(client)[22m[39m Pre-transform error: Failed to parse source for import analysis because the content contains invalid JS syntax. If you are using JSX, make sure to name the file with the .jsx or .tsx extension.
  Plugin: [35mvite:import-analysis[39m
  File: [36mC:/experticie1/prexcol/frontend/src/services/api.js[39m:5:0
[33m  4  |    },
  5  |  });
  6  |  
     |  ^
  7  |  // -------------------------------
  8  |  // TOKEN HELPERS[39m
[2m8:57:13 p. m.[22m [31m[1m[vite][22m[39m [31m[2m(client)[22m[39m Pre-transform error: Failed to parse source for import analysis because the content contains invalid JS syntax. If you are using JSX, make sure to name the file with the .jsx or .tsx extension.
  Plugin: [35mvite:import-analysis[39m
  File: [36mC:/experticie1/prexcol/frontend/src/services/api.js[39m:5:0
[33m  4  |    },
  5  |  });
  6  |  
     |  ^
  7  |  // -------------------------------
  8  |  // TOKEN HELPERS[39m
[2m8:57:13 p. m.[22m [31m[1m[vite][22m[39m [31m[2m(client)[22m[39m Pre-transform error: Failed to parse source for import analysis because the content contains invalid JS syntax. If you are using JSX, make sure to name the file with the .jsx or .tsx extension.
  Plugin: [35mvite:import-analysis[39m
  File: [36mC:/experticie1/prexcol/frontend/src/services/api.js[39m:5:0
[33m  4  |    },
  5  |  });
  6  |  
     |  ^
  7  |  // -------------------------------
  8  |  // TOKEN HELPERS[39m
[2m8:57:13 p. m.[22m [31m[1m[vite][22m[39m [31m[2m(client)[22m[39m Pre-transform error: Failed to parse source for import analysis because the content contains invalid JS syntax. If you are using JSX, make sure to name the file with the .jsx or .tsx extension.
  Plugin: [35mvite:import-analysis[39m
  File: [36mC:/experticie1/prexcol/frontend/src/services/api.js[39m:5:0
[33m  4  |    },
  5  |  });
  6  |  
     |  ^
  7  |  // -------------------------------
  8  |  // TOKEN HELPERS[39m
[2m8:57:13 p. m.[22m [31m[1m[vite][22m[39m [31m[2m(client)[22m[39m Pre-transform error: Failed to parse source for import analysis because the content contains invalid JS syntax. If you are using JSX, make sure to name the file with the .jsx or .tsx extension.
  Plugin: [35mvite:import-analysis[39m
  File: [36mC:/experticie1/prexcol/frontend/src/services/api.js[39m:5:0
[33m  4  |    },
  5  |  });
  6  |  
     |  ^
  7  |  // -------------------------------
  8  |  // TOKEN HELPERS[39m
[2m8:57:13 p. m.[22m [31m[1m[vite][22m[39m [31mInternal server error: Failed to parse source for import analysis because the content contains invalid JS syntax. If you are using JSX, make sure to name the file with the .jsx or .tsx extension.[39m
  Plugin: [35mvite:import-analysis[39m
  File: [36mC:/experticie1/prexcol/frontend/src/services/api.js[39m:5:0
[33m  4  |    },
  5  |  });
  6  |  
     |  ^
  7  |  // -------------------------------
  8  |  // TOKEN HELPERS[39m
      at TransformPluginContext._formatLog (file:///C:/experticie1/prexcol/frontend/node_modules/vite/dist/node/chunks/config.js:29647:43)
      at TransformPluginContext.error (file:///C:/experticie1/prexcol/frontend/node_modules/vite/dist/node/chunks/config.js:29644:14)
      at TransformPluginContext.transform (file:///C:/experticie1/prexcol/frontend/node_modules/vite/dist/node/chunks/config.js:27730:10)
      at async EnvironmentPluginContainer.transform (file:///C:/experticie1/prexcol/frontend/node_modules/vite/dist/node/chunks/config.js:29445:14)
      at async loadAndTransform (file:///C:/experticie1/prexcol/frontend/node_modules/vite/dist/node/chunks/config.js:23316:26)
[2m8:57:13 p. m.[22m [31m[1m[vite][22m[39m [31m[2m(client)[22m[39m Pre-transform error: Failed to parse source for import analysis because the content contains invalid JS syntax. If you are using JSX, make sure to name the file with the .jsx or .tsx extension.
  Plugin: [35mvite:import-analysis[39m
  File: [36mC:/experticie1/prexcol/frontend/src/services/api.js[39m:5:0
[33m  4  |    },
  5  |  });
  6  |  
     |  ^
  7  |  // -------------------------------
  8  |  // TOKEN HELPERS[39m
[2m8:57:15 p. m.[22m [36m[1m[vite][22m[39m [90m[2m(client)[22m[39m [32mhmr update [39m[2m/src/pages/login.jsx[22m
[2m8:57:15 p. m.[22m [31m[1m[vite][22m[39m [31m[2m(client)[22m[39m Pre-transform error: Failed to parse source for import analysis because the content contains invalid JS syntax. If you are using JSX, make sure to name the file with the .jsx or .tsx extension.
  Plugin: [35mvite:import-analysis[39m
  File: [36mC:/experticie1/prexcol/frontend/src/services/api.js[39m:5:0
[33m  4  |    },
  5  |  });
  6  |  
     |  ^
  7  |  // -------------------------------
  8  |  // TOKEN HELPERS[39m
[2m8:57:17 p. m.[22m [36m[1m[vite][22m[39m [90m[2m(client)[22m[39m [32mhmr update [39m[2m/src/pages/register.jsx[22m
[2m8:57:48 p. m.[22m [36m[1m[vite][22m[39m [90m[2m(client)[22m[39m [32mhmr update [39m[2m/src/components/logistica/PanelLogistica.jsx, /src/components/clientes/PanelCliente.jsx, /src/components/productos/Catalogo.jsx, /src/components/productos/DetalleProducto.jsx, /src/pages/login.jsx, /src/components/usuarios/ProveedorPanel.jsx, /src/routes/ProtectedRoute.jsx, /src/pages/Notifications.jsx, /src/context/NotificationContext.jsx, /src/pages/Profile.jsx, /src/pages/OrderHistory.jsx, /src/pages/Checkout.jsx[22m
[2m8:57:48 p. m.[22m [36m[1m[vite][22m[39m [90m[2m(client)[22m[39m [33mhmr invalidate [39m[2m/src/context/NotificationContext.jsx[22m Could not Fast Refresh ("default" export is incompatible). Learn more at https://github.com/vitejs/vite-plugin-react/tree/main/packages/plugin-react#consistent-components-exports
[2m8:57:48 p. m.[22m [36m[1m[vite][22m[39m [90m[2m(client)[22m[39m [32mhmr update [39m[2m/src/context/AppProviders.jsx[22m
[2m8:58:28 p. m.[22m [36m[1m[vite][22m[39m [90m[2m(client)[22m[39m [32mhmr update [39m[2m/src/components/clientes/PanelCliente.jsx[22m
[2m8:58:31 p. m.[22m [36m[1m[vite][22m[39m [90m[2m(client)[22m[39m [32mhmr update [39m[2m/src/pages/Checkout.jsx[22m
[2m8:58:33 p. m.[22m [36m[1m[vite][22m[39m [90m[2m(client)[22m[39m [32mhmr update [39m[2m/src/components/ForgotPassword.jsx[22m
[2m8:59:04 p. m.[22m [36m[1m[vite][22m[39m [90m[2m(client)[22m[39m [32mhmr update [39m[2m/src/routes/App.jsx[22m
[2m8:59:15 p. m.[22m [36m[1m[vite][22m[39m [90m[2m(client)[22m[39m [32mhmr update [39m[2m/src/routes/App.jsx[22m
[2m9:00:12 p. m.[22m [36m[1m[vite][22m[39m [90m[2m(client)[22m[39m [32mhmr update [39m[2m/src/routes/App.jsx[22m
^C^C