Watching for file changes with StatReloader
[24/Nov/2025 18:48:35] "GET /api/ HTTP/1.1" 200 5705
[24/Nov/2025 18:48:35] "GET /static/rest_framework/css/bootstrap-tweaks.css HTTP/1.1" 200 3426
[24/Nov/2025 18:48:35] "GET /static/rest_framework/css/bootstrap.min.css HTTP/1.1" 200 121457
[24/Nov/2025 18:48:35] "GET /static/rest_framework/css/prettify.css HTTP/1.1" 200 817
[24/Nov/2025 18:48:35] "GET /static/rest_framework/css/default.css HTTP/1.1" 200 1152
[24/Nov/2025 18:48:35] "GET /static/rest_framework/js/ajax-form.js HTTP/1.1" 200 3796
[24/Nov/2025 18:48:35] "GET /static/rest_framework/js/csrf.js HTTP/1.1" 200 1793
[24/Nov/2025 18:48:35] "GET /static/rest_framework/js/jquery-3.7.1.min.js HTTP/1.1" 200 87533
[24/Nov/2025 18:48:35] "GET /static/rest_framework/js/default.js HTTP/1.1" 200 1268
[24/Nov/2025 18:48:35] "GET /static/rest_framework/js/bootstrap.min.js HTTP/1.1" 200 39680
[24/Nov/2025 18:48:35] "GET /static/rest_framework/js/load-ajax-form.js HTTP/1.1" 200 59
[24/Nov/2025 18:48:35] "GET /static/rest_framework/js/prettify-min.js HTTP/1.1" 200 13632
[24/Nov/2025 18:48:35] "GET /static/rest_framework/img/grid.png HTTP/1.1" 200 1458
Not Found: /assets/js/main.js
Not Found: /assets/js/index.js
[24/Nov/2025 18:48:35] "GET /assets/js/main.js HTTP/1.1" 404 2959
[24/Nov/2025 18:48:35] "GET /assets/js/index.js HTTP/1.1" 404 2962
Not Found: /favicon.ico
[24/Nov/2025 18:48:35] "GET /favicon.ico HTTP/1.1" 404 2941
Unauthorized: /api/tiendas/
[24/Nov/2025 18:49:11] "GET /api/tiendas/ HTTP/1.1" 401 5170
Not Found: /assets/js/index.js
Not Found: /assets/js/main.js
[24/Nov/2025 18:49:11] "GET /assets/js/index.js HTTP/1.1" 404 2962
[24/Nov/2025 18:49:11] "GET /assets/js/main.js HTTP/1.1" 404 2959
C:\experticie1\prexcol\backend\usuarios\urls.py changed, reloading.
Performing system checks...

System check identified no issues (0 silenced).
November 24, 2025 - 18:28:26
Django version 5.2.8, using settings 'settings'
Starting development server at http://127.0.0.1:8000/
Quit the server with CTRL-BREAK.

WARNING: This is a development server. Do not use it in a production setting. Use a production WSGI or ASGI server instead.
For more information on production servers see: https://docs.djangoproject.com/en/5.2/howto/deployment/
Watching for file changes with StatReloader
